# JRE version: OpenJDK Runtime Environment (13.0+33) (build 13+33-Ubuntu-1)
# Java VM: OpenJDK 64-Bit Server VM (13+33-Ubuntu-1, mixed mode, tiered, compressed oops, g1 gc, linux-amd64)
Heap:
 garbage-first heap   total 30720K, used 14325K [0x0000000705e00000, 0x0000000800000000)
  region size 1024K, 3 young (3072K), 2 survivors (2048K)
 Metaspace       used 29535K, capacity 30796K, committed 31152K, reserved 1075200K
  class space    used 3986K, capacity 4517K, committed 4608K, reserved 1048576K
GC Heap History (12 events):
Event: 0,733 GC heap before
{Heap before GC invocations=0 (full 0):
 garbage-first heap   total 258048K, used 23552K [0x0000000705e00000, 0x0000000800000000)
  region size 1024K, 24 young (24576K), 0 survivors (0K)
 Metaspace       used 14838K, capacity 15136K, committed 15360K, reserved 1062912K
  class space    used 1644K, capacity 1732K, committed 1792K, reserved 1048576K
}
Event: 0,737 GC heap after
{Heap after GC invocations=1 (full 0):
 garbage-first heap   total 258048K, used 4817K [0x0000000705e00000, 0x0000000800000000)
  region size 1024K, 3 young (3072K), 3 survivors (3072K)
 Metaspace       used 14838K, capacity 15136K, committed 15360K, reserved 1062912K
  class space    used 1644K, capacity 1732K, committed 1792K, reserved 1048576K
}
Event: 1,102 GC heap before
{Heap before GC invocations=1 (full 0):
 garbage-first heap   total 258048K, used 27345K [0x0000000705e00000, 0x0000000800000000)
  region size 1024K, 26 young (26624K), 3 survivors (3072K)
 Metaspace       used 20622K, capacity 21149K, committed 21296K, reserved 1067008K
  class space    used 2721K, capacity 2944K, committed 2944K, reserved 1048576K
}
Event: 1,107 GC heap after
{Heap after GC invocations=2 (full 0):
 garbage-first heap   total 258048K, used 7371K [0x0000000705e00000, 0x0000000800000000)
  region size 1024K, 6 young (6144K), 6 survivors (6144K)
 Metaspace       used 20622K, capacity 21149K, committed 21296K, reserved 1067008K
  class space    used 2721K, capacity 2944K, committed 2944K, reserved 1048576K
}
Event: 1,240 GC heap before
{Heap before GC invocations=3 (full 0):
 garbage-first heap   total 30720K, used 14539K [0x0000000705e00000, 0x0000000800000000)
  region size 1024K, 13 young (13312K), 6 survivors (6144K)
 Metaspace       used 22436K, capacity 23055K, committed 23216K, reserved 1069056K
  class space    used 3001K, capacity 3259K, committed 3328K, reserved 1048576K
}
Event: 1,245 GC heap after
{Heap after GC invocations=4 (full 0):
 garbage-first heap   total 30720K, used 9069K [0x0000000705e00000, 0x0000000800000000)
  region size 1024K, 2 young (2048K), 2 survivors (2048K)
 Metaspace       used 22436K, capacity 23055K, committed 23216K, reserved 1069056K
  class space    used 3001K, capacity 3259K, committed 3328K, reserved 1048576K
}
Event: 4,629 GC heap before
{Heap before GC invocations=4 (full 0):
 garbage-first heap   total 30720K, used 21357K [0x0000000705e00000, 0x0000000800000000)
  region size 1024K, 12 young (12288K), 2 survivors (2048K)
 Metaspace       used 25608K, capacity 26301K, committed 26544K, reserved 1073152K
  class space    used 3271K, capacity 3555K, committed 3584K, reserved 1048576K
}
Event: 4,630 GC heap after
{Heap after GC invocations=5 (full 0):
 garbage-first heap   total 30720K, used 12345K [0x0000000705e00000, 0x0000000800000000)
  region size 1024K, 2 young (2048K), 2 survivors (2048K)
 Metaspace       used 25608K, capacity 26301K, committed 26544K, reserved 1073152K
  class space    used 3271K, capacity 3555K, committed 3584K, reserved 1048576K
}
Event: 4,726 GC heap before
{Heap before GC invocations=5 (full 0):
 garbage-first heap   total 30720K, used 19513K [0x0000000705e00000, 0x0000000800000000)
  region size 1024K, 10 young (10240K), 2 survivors (2048K)
 Metaspace       used 27809K, capacity 28765K, committed 28976K, reserved 1075200K
  class space    used 3717K, capacity 4134K, committed 4224K, reserved 1048576K
}
Event: 4,728 GC heap after
{Heap after GC invocations=6 (full 0):
 garbage-first heap   total 30720K, used 13041K [0x0000000705e00000, 0x0000000800000000)
  region size 1024K, 1 young (1024K), 1 survivors (1024K)
 Metaspace       used 27809K, capacity 28765K, committed 28976K, reserved 1075200K
  class space    used 3717K, capacity 4134K, committed 4224K, reserved 1048576K
}
Event: 4,881 GC heap before
{Heap before GC invocations=6 (full 0):
 garbage-first heap   total 30720K, used 22257K [0x0000000705e00000, 0x0000000800000000)
  region size 1024K, 10 young (10240K), 1 survivors (1024K)
 Metaspace       used 29434K, capacity 30728K, committed 30896K, reserved 1075200K
  class space    used 3979K, capacity 4517K, committed 4608K, reserved 1048576K
}
Event: 4,882 GC heap after
{Heap after GC invocations=7 (full 0):
 garbage-first heap   total 30720K, used 14325K [0x0000000705e00000, 0x0000000800000000)
  region size 1024K, 2 young (2048K), 2 survivors (2048K)
 Metaspace       used 29434K, capacity 30728K, committed 30896K, reserved 1075200K
  class space    used 3979K, capacity 4517K, committed 4608K, reserved 1048576K
}

