# JRE version: OpenJDK Runtime Environment (13.0+33) (build 13+33-Ubuntu-1)
# Java VM: OpenJDK 64-Bit Server VM (13+33-Ubuntu-1, mixed mode, tiered, compressed oops, g1 gc, linux-amd64)
Heap:
 garbage-first heap   total 30720K, used 20894K [0x0000000705e00000, 0x0000000800000000)
  region size 1024K, 10 young (10240K), 2 survivors (2048K)
 Metaspace       used 32179K, capacity 33489K, committed 33712K, reserved 1079296K
  class space    used 4248K, capacity 4774K, committed 4864K, reserved 1048576K
GC Heap History (12 events):
Event: 0,755 GC heap before
{Heap before GC invocations=0 (full 0):
 garbage-first heap   total 258048K, used 23552K [0x0000000705e00000, 0x0000000800000000)
  region size 1024K, 24 young (24576K), 0 survivors (0K)
 Metaspace       used 14919K, capacity 15232K, committed 15360K, reserved 1062912K
  class space    used 1649K, capacity 1764K, committed 1792K, reserved 1048576K
}
Event: 0,759 GC heap after
{Heap after GC invocations=1 (full 0):
 garbage-first heap   total 258048K, used 4886K [0x0000000705e00000, 0x0000000800000000)
  region size 1024K, 3 young (3072K), 3 survivors (3072K)
 Metaspace       used 14919K, capacity 15232K, committed 15360K, reserved 1062912K
  class space    used 1649K, capacity 1764K, committed 1792K, reserved 1048576K
}
Event: 1,143 GC heap before
{Heap before GC invocations=1 (full 0):
 garbage-first heap   total 258048K, used 26390K [0x0000000705e00000, 0x0000000800000000)
  region size 1024K, 25 young (25600K), 3 survivors (3072K)
 Metaspace       used 20798K, capacity 21240K, committed 21296K, reserved 1067008K
  class space    used 2722K, capacity 2928K, committed 2944K, reserved 1048576K
}
Event: 1,151 GC heap after
{Heap after GC invocations=2 (full 0):
 garbage-first heap   total 258048K, used 7406K [0x0000000705e00000, 0x0000000800000000)
  region size 1024K, 6 young (6144K), 6 survivors (6144K)
 Metaspace       used 20798K, capacity 21240K, committed 21296K, reserved 1067008K
  class space    used 2722K, capacity 2928K, committed 2944K, reserved 1048576K
}
Event: 1,242 GC heap before
{Heap before GC invocations=3 (full 0):
 garbage-first heap   total 30720K, used 12526K [0x0000000705e00000, 0x0000000800000000)
  region size 1024K, 11 young (11264K), 6 survivors (6144K)
 Metaspace       used 22048K, capacity 22683K, committed 22832K, reserved 1069056K
  class space    used 2949K, capacity 3177K, committed 3200K, reserved 1048576K
}
Event: 1,246 GC heap after
{Heap after GC invocations=4 (full 0):
 garbage-first heap   total 30720K, used 8784K [0x0000000705e00000, 0x0000000800000000)
  region size 1024K, 2 young (2048K), 2 survivors (2048K)
 Metaspace       used 22048K, capacity 22683K, committed 22832K, reserved 1069056K
  class space    used 2949K, capacity 3177K, committed 3200K, reserved 1048576K
}
Event: 5,662 GC heap before
{Heap before GC invocations=4 (full 0):
 garbage-first heap   total 30720K, used 21072K [0x0000000705e00000, 0x0000000800000000)
  region size 1024K, 12 young (12288K), 2 survivors (2048K)
 Metaspace       used 25058K, capacity 25733K, committed 26032K, reserved 1071104K
  class space    used 3236K, capacity 3513K, committed 3584K, reserved 1048576K
}
Event: 5,664 GC heap after
{Heap after GC invocations=5 (full 0):
 garbage-first heap   total 30720K, used 12238K [0x0000000705e00000, 0x0000000800000000)
  region size 1024K, 2 young (2048K), 2 survivors (2048K)
 Metaspace       used 25058K, capacity 25733K, committed 26032K, reserved 1071104K
  class space    used 3236K, capacity 3513K, committed 3584K, reserved 1048576K
}
Event: 8,666 GC heap before
{Heap before GC invocations=5 (full 0):
 garbage-first heap   total 30720K, used 20430K [0x0000000705e00000, 0x0000000800000000)
  region size 1024K, 11 young (11264K), 2 survivors (2048K)
 Metaspace       used 28888K, capacity 29668K, committed 29744K, reserved 1075200K
  class space    used 3626K, capacity 3952K, committed 3968K, reserved 1048576K
}
Event: 8,668 GC heap after
{Heap after GC invocations=6 (full 0):
 garbage-first heap   total 30720K, used 13290K [0x0000000705e00000, 0x0000000800000000)
  region size 1024K, 1 young (1024K), 1 survivors (1024K)
 Metaspace       used 28888K, capacity 29668K, committed 29744K, reserved 1075200K
  class space    used 3626K, capacity 3952K, committed 3968K, reserved 1048576K
}
Event: 8,756 GC heap before
{Heap before GC invocations=6 (full 0):
 garbage-first heap   total 30720K, used 21482K [0x0000000705e00000, 0x0000000800000000)
  region size 1024K, 9 young (9216K), 1 survivors (1024K)
 Metaspace       used 30844K, capacity 32012K, committed 32176K, reserved 1077248K
  class space    used 4052K, capacity 4516K, committed 4608K, reserved 1048576K
}
Event: 8,758 GC heap after
{Heap after GC invocations=7 (full 0):
 garbage-first heap   total 30720K, used 13726K [0x0000000705e00000, 0x0000000800000000)
  region size 1024K, 2 young (2048K), 2 survivors (2048K)
 Metaspace       used 30844K, capacity 32012K, committed 32176K, reserved 1077248K
  class space    used 4052K, capacity 4516K, committed 4608K, reserved 1048576K
}

